-- ===========================================
-- Orders JSONB å¿«ç…§ç³»çµ±åŠŸèƒ½æ¸¬è©¦
-- éšŽæ®µä¸‰ï¼šåŠŸèƒ½æ¸¬è©¦å’Œé©—è­‰
-- ===========================================

-- è¨­å®šæ¸¬è©¦ç’°å¢ƒ
SET client_min_messages = NOTICE;

-- æ¸…ç†æ¸¬è©¦è³‡æ–™å‡½æ•¸
CREATE OR REPLACE FUNCTION cleanup_orders_test_data()
RETURNS void
LANGUAGE plpgsql
AS $function$
BEGIN
  -- åˆªé™¤æ¸¬è©¦è¨‚å–®
  DELETE FROM orders 
  WHERE contact_email LIKE '%@example.com' 
  OR contact_email LIKE 'test%@%'
  OR contact_email LIKE 'stress%@%';
  
  -- æ¸…ç†ç¨½æ ¸è¨˜éŒ„
  DELETE FROM orders_jsonb_audit 
  WHERE order_id NOT IN (SELECT id FROM orders);
  
  RAISE NOTICE 'Test data cleanup completed';
END;
$function$;

-- åŸ·è¡Œæ¸¬è©¦çš„ä¸»å‡½æ•¸
CREATE OR REPLACE FUNCTION run_orders_jsonb_tests()
RETURNS jsonb
LANGUAGE plpgsql
AS $function$
DECLARE
  test_results jsonb := '{}';
  test_customer_id uuid;
  test_order_id uuid;
  test_result jsonb;
  test_count integer := 0;
  pass_count integer := 0;
  
  -- æ¸¬è©¦è®Šæ•¸
  customer_snapshot_data jsonb;
  business_rules_data jsonb;
  payment_snapshot_data jsonb;
  order_creation_result jsonb;
BEGIN
  RAISE NOTICE '======================================';
  RAISE NOTICE 'Starting Orders JSONB Functional Tests';
  RAISE NOTICE '======================================';
  
  -- æ¸…ç†ä¹‹å‰çš„æ¸¬è©¦è³‡æ–™
  PERFORM cleanup_orders_test_data();
  
  -- é¸æ“‡æ¸¬è©¦ç”¨å®¢æˆ¶
  SELECT id INTO test_customer_id FROM customers LIMIT 1;
  IF test_customer_id IS NULL THEN
    RAISE EXCEPTION 'No customers found for testing';
  END IF;
  
  -- ==========================================
  -- æ¸¬è©¦ 1: å¿«ç…§ç”Ÿæˆå‡½æ•¸æ¸¬è©¦
  -- ==========================================
  RAISE NOTICE 'Test 1: Snapshot generation functions';
  test_count := test_count + 1;
  
  BEGIN
    -- æ¸¬è©¦å®¢æˆ¶å¿«ç…§ç”Ÿæˆ
    customer_snapshot_data := create_customer_snapshot(test_customer_id);
    
    IF customer_snapshot_data ? 'customer_id' AND 
       customer_snapshot_data ? 'email' AND 
       customer_snapshot_data ? 'full_name' AND
       customer_snapshot_data ? 'statistics' THEN
      pass_count := pass_count + 1;
      RAISE NOTICE 'âœ… Test 1.1 PASSED: Customer snapshot generation';
    ELSE
      RAISE NOTICE 'âŒ Test 1.1 FAILED: Customer snapshot missing required fields';
    END IF;
    
    -- æ¸¬è©¦æ¥­å‹™è¦å‰‡å¿«ç…§ç”Ÿæˆ
    business_rules_data := create_business_rules_snapshot();
    
    IF business_rules_data ? 'pricing_rules' AND 
       business_rules_data ? 'shipping_rules' AND 
       business_rules_data ? 'policy_version' THEN
      pass_count := pass_count + 1;
      RAISE NOTICE 'âœ… Test 1.2 PASSED: Business rules snapshot generation';
    ELSE
      RAISE NOTICE 'âŒ Test 1.2 FAILED: Business rules snapshot missing required fields';
    END IF;
    
    -- æ¸¬è©¦æ”¯ä»˜å¿«ç…§ç”Ÿæˆ
    payment_snapshot_data := create_payment_snapshot();
    
    IF payment_snapshot_data ? 'available_methods' AND 
       payment_snapshot_data ? 'processing_fees' THEN
      pass_count := pass_count + 1;
      RAISE NOTICE 'âœ… Test 1.3 PASSED: Payment snapshot generation';
    ELSE
      RAISE NOTICE 'âŒ Test 1.3 FAILED: Payment snapshot missing required fields';
    END IF;
    
  EXCEPTION
    WHEN OTHERS THEN
      RAISE NOTICE 'âŒ Test 1 FAILED: Exception in snapshot generation - %', SQLERRM;
  END;
  
  -- ==========================================
  -- æ¸¬è©¦ 2: è‡ªå‹•è§¸ç™¼å™¨æ¸¬è©¦
  -- ==========================================
  RAISE NOTICE 'Test 2: Auto-population triggers';
  test_count := test_count + 1;
  
  BEGIN
    -- æ’å…¥æ–°è¨‚å–®ï¼Œæ‡‰è‡ªå‹•ç”Ÿæˆå¿«ç…§
    INSERT INTO orders (
      user_id,
      contact_name,
      contact_email,
      contact_phone,
      payment_method,
      shipping_method,
      shipping_fee,
      tax_amount,
      total_amount,
      status
    ) VALUES (
      test_customer_id,
      'æ¸¬è©¦è‡ªå‹•å¿«ç…§',
      'auto_snapshot_test@example.com',
      '0912345678',
      'credit_card',
      'standard',
      80,
      100,
      2180,
      'pending'
    ) RETURNING id INTO test_order_id;
    
    -- æª¢æŸ¥è‡ªå‹•ç”Ÿæˆçš„å¿«ç…§
    SELECT 
      customer_snapshot IS NOT NULL,
      business_rules_snapshot != '{}',
      payment_snapshot != '{}'
    INTO test_result
    FROM orders 
    WHERE id = test_order_id;
    
    IF (test_result->>0)::boolean AND 
       (test_result->>1)::boolean AND 
       (test_result->>2)::boolean THEN
      pass_count := pass_count + 1;
      RAISE NOTICE 'âœ… Test 2.1 PASSED: Auto-population triggers working';
    ELSE
      RAISE NOTICE 'âŒ Test 2.1 FAILED: Auto-population triggers not working properly';
    END IF;
    
  EXCEPTION
    WHEN OTHERS THEN
      RAISE NOTICE 'âŒ Test 2 FAILED: Exception in trigger test - %', SQLERRM;
  END;
  
  -- ==========================================
  -- æ¸¬è©¦ 3: æŽ¨æ–·æ©Ÿåˆ¶æ¸¬è©¦
  -- ==========================================
  RAISE NOTICE 'Test 3: Snapshot inference mechanism';
  test_count := test_count + 1;
  
  BEGIN
    -- æ’å…¥ç„¡å®¢æˆ¶ ID çš„è¨‚å–®
    INSERT INTO orders (
      contact_name,
      contact_email,
      contact_phone,
      payment_method,
      shipping_method,
      shipping_fee,
      tax_amount,
      total_amount,
      status
    ) VALUES (
      'æŽ¨æ–·æ¸¬è©¦å®¢æˆ¶',
      'inference_test@example.com',
      '0987654321',
      'paypal',
      'express',
      120,
      150,
      2770,
      'pending'
    ) RETURNING id INTO test_order_id;
    
    -- æª¢æŸ¥æŽ¨æ–·çš„å¿«ç…§
    SELECT customer_snapshot->'metadata'->>'data_source'
    INTO test_result
    FROM orders 
    WHERE id = test_order_id;
    
    IF test_result::text = '"order_inference"' THEN
      pass_count := pass_count + 1;
      RAISE NOTICE 'âœ… Test 3.1 PASSED: Snapshot inference working';
    ELSE
      RAISE NOTICE 'âŒ Test 3.1 FAILED: Snapshot inference not working - got %', test_result;
    END IF;
    
  EXCEPTION
    WHEN OTHERS THEN
      RAISE NOTICE 'âŒ Test 3 FAILED: Exception in inference test - %', SQLERRM;
  END;
  
  -- ==========================================
  -- æ¸¬è©¦ 4: è¨‚å–®å‰µå»ºå‡½æ•¸æ¸¬è©¦
  -- ==========================================
  RAISE NOTICE 'Test 4: Order creation functions';
  test_count := test_count + 1;
  
  BEGIN
    -- æ¸¬è©¦å¢žå¼·çš„è¨‚å–®å‰µå»ºå‡½æ•¸
    order_creation_result := create_order_with_items(
      jsonb_build_object(
        'customer_id', test_customer_id,
        'contact_name', 'å‡½æ•¸æ¸¬è©¦å®¢æˆ¶',
        'contact_email', 'function_test@example.com',
        'contact_phone', '0912345679',
        'payment_method', 'credit_card',
        'shipping_method', 'standard',
        'shipping_fee', 80,
        'tax_amount', 105,
        'status', 'pending'
      ),
      ARRAY[
        jsonb_build_object(
          'product_id', (SELECT id FROM products LIMIT 1),
          'quantity', 2,
          'unit_price', 1000,
          'total_price', 2000,
          'variant_name', 'æ¨™æº–ç‰ˆ'
        )
      ],
      test_customer_id
    );
    
    IF order_creation_result->>'status' = 'success' THEN
      pass_count := pass_count + 1;
      RAISE NOTICE 'âœ… Test 4.1 PASSED: Enhanced order creation function';
    ELSE
      RAISE NOTICE 'âŒ Test 4.1 FAILED: Enhanced order creation failed - %', 
        order_creation_result->>'message';
    END IF;
    
  EXCEPTION
    WHEN OTHERS THEN
      RAISE NOTICE 'âŒ Test 4 FAILED: Exception in order creation test - %', SQLERRM;
  END;
  
  -- ==========================================
  -- æ¸¬è©¦ 5: å¿«ç…§åˆ·æ–°åŠŸèƒ½æ¸¬è©¦
  -- ==========================================
  RAISE NOTICE 'Test 5: Snapshot refresh functionality';
  test_count := test_count + 1;
  
  BEGIN
    -- æ¸¬è©¦å¿«ç…§åˆ·æ–°
    test_result := refresh_order_snapshots(test_order_id);
    
    IF test_result->>'status' = 'success' THEN
      pass_count := pass_count + 1;
      RAISE NOTICE 'âœ… Test 5.1 PASSED: Snapshot refresh function';
    ELSE
      RAISE NOTICE 'âŒ Test 5.1 FAILED: Snapshot refresh failed - %', 
        test_result->>'message';
    END IF;
    
  EXCEPTION
    WHEN OTHERS THEN
      RAISE NOTICE 'âŒ Test 5 FAILED: Exception in refresh test - %', SQLERRM;
  END;
  
  -- ==========================================
  -- æ¸¬è©¦ 6: ç›£æŽ§åŠŸèƒ½æ¸¬è©¦
  -- ==========================================
  RAISE NOTICE 'Test 6: Monitoring and analysis functions';
  test_count := test_count + 1;
  
  BEGIN
    -- æ¸¬è©¦å¿«ç…§è¦†è“‹çŽ‡åˆ†æž
    SELECT COUNT(*) 
    INTO test_result
    FROM analyze_orders_snapshots_coverage();
    
    IF (test_result::text)::integer >= 4 THEN  -- æ‡‰è©²æœ‰è‡³å°‘4å€‹æŒ‡æ¨™
      pass_count := pass_count + 1;
      RAISE NOTICE 'âœ… Test 6.1 PASSED: Coverage analysis function';
    ELSE
      RAISE NOTICE 'âŒ Test 6.1 FAILED: Coverage analysis returned insufficient metrics';
    END IF;
    
    -- æ¸¬è©¦æ–°é®®åº¦æª¢æŸ¥
    SELECT COUNT(*) 
    INTO test_result
    FROM check_orders_snapshots_freshness();
    
    pass_count := pass_count + 1;
    RAISE NOTICE 'âœ… Test 6.2 PASSED: Freshness check function (returned % records)', 
      (test_result::text)::integer;
    
  EXCEPTION
    WHEN OTHERS THEN
      RAISE NOTICE 'âŒ Test 6 FAILED: Exception in monitoring test - %', SQLERRM;
  END;
  
  -- ==========================================
  -- æ¸¬è©¦ 7: è³‡æ–™ä¸€è‡´æ€§é©—è­‰
  -- ==========================================
  RAISE NOTICE 'Test 7: Data consistency validation';
  test_count := test_count + 1;
  
  BEGIN
    -- æª¢æŸ¥é«˜åš´é‡æ€§å•é¡Œ
    SELECT COUNT(*) 
    INTO test_result
    FROM check_orders_jsonb_integrity()
    WHERE severity = 'HIGH';
    
    IF (test_result::text)::integer = 0 THEN
      pass_count := pass_count + 1;
      RAISE NOTICE 'âœ… Test 7.1 PASSED: No high severity integrity issues';
    ELSE
      RAISE NOTICE 'âŒ Test 7.1 FAILED: Found % high severity issues', 
        (test_result::text)::integer;
    END IF;
    
  EXCEPTION
    WHEN OTHERS THEN
      RAISE NOTICE 'âŒ Test 7 FAILED: Exception in consistency test - %', SQLERRM;
  END;
  
  -- ==========================================
  -- æ¸¬è©¦ 8: æ•ˆèƒ½é©—è­‰
  -- ==========================================
  RAISE NOTICE 'Test 8: Performance validation';
  test_count := test_count + 1;
  
  BEGIN
    -- ç°¡å–®çš„ç´¢å¼•ä½¿ç”¨æ¸¬è©¦
    PERFORM *
    FROM orders 
    WHERE customer_snapshot->>'email' = 'function_test@example.com';
    
    PERFORM *
    FROM orders 
    WHERE business_rules_snapshot->>'policy_version' = '2025-Q3-v1.2';
    
    pass_count := pass_count + 1;
    RAISE NOTICE 'âœ… Test 8.1 PASSED: JSONB indexing queries executed successfully';
    
  EXCEPTION
    WHEN OTHERS THEN
      RAISE NOTICE 'âŒ Test 8 FAILED: Exception in performance test - %', SQLERRM;
  END;
  
  -- ==========================================
  -- æ¸¬è©¦çµæžœåŒ¯ç¸½
  -- ==========================================
  RAISE NOTICE '';
  RAISE NOTICE '======================================';
  RAISE NOTICE 'Orders JSONB Tests Summary';
  RAISE NOTICE '======================================';
  RAISE NOTICE 'Total Tests: %', test_count;
  RAISE NOTICE 'Passed: %', pass_count;
  RAISE NOTICE 'Failed: %', test_count - pass_count;
  RAISE NOTICE 'Success Rate: %%%', ROUND((pass_count::numeric / test_count::numeric) * 100, 1);
  
  IF pass_count = test_count THEN
    RAISE NOTICE 'ðŸŽ‰ ALL TESTS PASSED - Orders JSONB system is ready!';
  ELSIF pass_count::numeric / test_count::numeric >= 0.8 THEN
    RAISE NOTICE 'âš ï¸  MOSTLY SUCCESSFUL - Minor issues need attention';
  ELSE
    RAISE NOTICE 'âŒ SIGNIFICANT ISSUES - System needs review before deployment';
  END IF;
  
  RAISE NOTICE '';
  
  -- è¿”å›žæ¸¬è©¦çµæžœ
  test_results := jsonb_build_object(
    'total_tests', test_count,
    'passed', pass_count,
    'failed', test_count - pass_count,
    'success_rate', ROUND((pass_count::numeric / test_count::numeric) * 100, 1),
    'status', CASE 
      WHEN pass_count = test_count THEN 'ALL_PASSED'
      WHEN pass_count::numeric / test_count::numeric >= 0.8 THEN 'MOSTLY_PASSED'
      ELSE 'NEEDS_ATTENTION'
    END,
    'test_timestamp', NOW()
  );
  
  RETURN test_results;
END;
$function$;

-- å»ºç«‹å¿«é€Ÿè¨ºæ–·å‡½æ•¸
CREATE OR REPLACE FUNCTION quick_orders_jsonb_diagnosis()
RETURNS TABLE (
  metric varchar,
  value text,
  status varchar,
  recommendation text
)
LANGUAGE plpgsql
AS $function$
DECLARE
  total_orders bigint;
  snapshot_coverage numeric;
  high_severity_issues bigint;
BEGIN
  -- åŸºæœ¬çµ±è¨ˆ
  SELECT COUNT(*) INTO total_orders FROM orders;
  
  -- å¿«ç…§è¦†è“‹çŽ‡
  SELECT ROUND(
    (COUNT(*) FILTER (WHERE customer_snapshot IS NOT NULL) * 100.0 / NULLIF(COUNT(*), 0)), 2
  ) INTO snapshot_coverage FROM orders;
  
  -- åš´é‡å•é¡Œè¨ˆæ•¸
  SELECT COUNT(*) INTO high_severity_issues 
  FROM check_orders_jsonb_integrity() 
  WHERE severity = 'HIGH';
  
  -- è¿”å›žè¨ºæ–·çµæžœ
  RETURN QUERY VALUES
    ('Total Orders', total_orders::text, 'INFO', 'System scale indicator'),
    ('Customer Snapshot Coverage', snapshot_coverage::text || '%', 
     CASE WHEN snapshot_coverage >= 95 THEN 'GOOD' ELSE 'NEEDS_ATTENTION' END,
     CASE WHEN snapshot_coverage >= 95 THEN 'Excellent coverage' 
          ELSE 'Consider running migration for missing snapshots' END),
    ('High Severity Issues', high_severity_issues::text,
     CASE WHEN high_severity_issues = 0 THEN 'GOOD' ELSE 'CRITICAL' END,
     CASE WHEN high_severity_issues = 0 THEN 'No critical issues found'
          ELSE 'Review and fix high severity issues immediately' END);
END;
$function$;

-- åŸ·è¡Œèªªæ˜Ž
DO $$
BEGIN
  RAISE NOTICE '==================================================';
  RAISE NOTICE 'Orders JSONB Functional Tests - Stage 3';
  RAISE NOTICE '==================================================';
  RAISE NOTICE 'Test functions created:';
  RAISE NOTICE '1. run_orders_jsonb_tests() - Comprehensive functional testing';
  RAISE NOTICE '2. quick_orders_jsonb_diagnosis() - Quick system health check';
  RAISE NOTICE '3. cleanup_orders_test_data() - Clean up test data';
  RAISE NOTICE '';
  RAISE NOTICE 'Usage:';
  RAISE NOTICE '- Run tests: SELECT run_orders_jsonb_tests();';
  RAISE NOTICE '- Quick check: SELECT * FROM quick_orders_jsonb_diagnosis();';
  RAISE NOTICE '- Cleanup: SELECT cleanup_orders_test_data();';
  RAISE NOTICE '';
  RAISE NOTICE 'Ready to execute comprehensive testing!';
END $$;